2026-01-23 10:28:39 UTC - --- RESOLVING CATEGORY ID: Job Listings ---
2026-01-23 10:28:40 UTC - Resolved Job Listings to ID: 960
2026-01-23 10:30:31 UTC - SUCCESS: Job Listings
2026-01-23 10:37:44 UTC - --- RESOLVING CATEGORY ID: Jobs ---
2026-01-23 10:37:45 UTC - Resolved Jobs to ID: 60
2026-01-23 10:39:08 UTC - SUCCESS: Jobs
2026-01-23 10:39:08 UTC - No more keywords pending. Stopping immediately.
2026-01-23 10:40:22 UTC - --- RESOLVING CATEGORY ID: Legal Services ---
2026-01-23 10:40:23 UTC - Resolved Legal Services to ID: 969
2026-01-23 10:41:46 UTC - Fetch Error: The request failed: Google returned a response with code 429
2026-01-23 10:43:22 UTC - SUCCESS: Legal Services
2026-01-23 10:43:22 UTC - No more keywords pending. Stopping immediately.
2026-01-24 06:31:39 UTC - --- RESOLVING CATEGORY ID: Luggage & Travel Accessories ---
2026-01-24 06:31:41 UTC - Resolved Luggage & Travel Accessories to ID: 1003
2026-01-24 06:33:04 UTC - SUCCESS: Luggage & Travel Accessories
2026-01-24 06:34:27 UTC - --- RESOLVING CATEGORY ID: Luxury Goods ---
2026-01-24 06:34:31 UTC - Resolved Luxury Goods to ID: 696
2026-01-24 06:36:07 UTC - SUCCESS: Luxury Goods
2026-01-24 06:37:48 UTC - --- RESOLVING CATEGORY ID: Mail & Package Delivery ---
2026-01-24 06:37:49 UTC - Resolved Mail & Package Delivery to ID: 1150
2026-01-24 06:39:48 UTC - SUCCESS: Mail & Package Delivery
2026-01-24 06:41:25 UTC - --- RESOLVING CATEGORY ID: Manufacturing ---
2026-01-24 06:41:26 UTC - Resolved Manufacturing to ID: 49
2026-01-24 06:41:28 UTC - Fetch Error: The request failed: Google returned a response with code 429
2026-01-24 06:44:36 UTC - SUCCESS: Manufacturing
2026-01-24 06:46:03 UTC - --- RESOLVING CATEGORY ID: Maritime Transport ---
2026-01-24 06:46:05 UTC - Resolved Maritime Transport to ID: 665
2026-01-24 06:47:38 UTC - SUCCESS: Maritime Transport
2026-01-24 06:47:38 UTC - No more keywords pending. Stopping immediately.
2026-01-24 07:36:07 UTC - --- RESOLVING CATEGORY ID: Mass Merchants & Department Stores ---
2026-01-24 07:36:09 UTC - Resolved Mass Merchants & Department Stores to ID: 73
2026-01-24 07:37:50 UTC - SUCCESS: Mass Merchants & Department Stores
2026-01-24 07:39:37 UTC - --- RESOLVING CATEGORY ID: Medical Facilities & Services ---
2026-01-24 07:39:44 UTC - Resolved Medical Facilities & Services to ID: 256
2026-01-24 07:41:30 UTC - SUCCESS: Medical Facilities & Services
2026-01-24 07:42:53 UTC - --- RESOLVING CATEGORY ID: Mental Health ---
2026-01-24 07:42:55 UTC - Resolved Mental Health to ID: 437
2026-01-24 07:44:55 UTC - SUCCESS: Mental Health
2026-01-24 07:46:47 UTC - --- RESOLVING CATEGORY ID: Newspapers ---
2026-01-24 07:46:48 UTC - Resolved Newspapers to ID: 408
2026-01-24 07:48:26 UTC - SUCCESS: Newspapers
2026-01-24 07:49:46 UTC - --- RESOLVING CATEGORY ID: Office Supplies ---
2026-01-24 07:49:47 UTC - Resolved Office Supplies to ID: 95
2026-01-24 07:51:23 UTC - SUCCESS: Office Supplies
2026-01-24 07:51:23 UTC - No more keywords pending. Stopping immediately.
2026-01-24 08:07:09 UTC - --- RESOLVING CATEGORY ID: Outsourcing ---
2026-01-24 08:07:11 UTC - Resolved Outsourcing to ID: 718
2026-01-24 08:08:34 UTC - SUCCESS: Outsourcing
2026-01-24 08:10:27 UTC - --- RESOLVING CATEGORY ID: Performing Arts ---
2026-01-24 08:10:29 UTC - Resolved Performing Arts to ID: 23
2026-01-24 08:12:02 UTC - SUCCESS: Performing Arts
2026-01-24 08:13:22 UTC - --- RESOLVING CATEGORY ID: Pharmaceuticals & Biotech ---
2026-01-24 08:13:24 UTC - Resolved Pharmaceuticals & Biotech to ID: 255
2026-01-24 08:15:10 UTC - SUCCESS: Pharmaceuticals & Biotech
2026-01-24 08:16:14 UTC - --- RESOLVING CATEGORY ID: Pharmacy ---
2026-01-24 08:16:16 UTC - Resolved Pharmacy to ID: 248
2026-01-24 08:17:27 UTC - SUCCESS: Pharmacy
2026-01-24 08:18:40 UTC - --- RESOLVING CATEGORY ID: Politics ---
2026-01-24 08:18:43 UTC - Resolved Politics to ID: 396
2026-01-24 08:20:13 UTC - SUCCESS: Politics
2026-01-24 08:21:34 UTC - --- RESOLVING CATEGORY ID: Printing & Publishing ---
2026-01-24 08:21:36 UTC - Resolved Printing & Publishing to ID: 1176
2026-01-24 08:23:25 UTC - SUCCESS: Printing & Publishing
2026-01-24 08:23:25 UTC - No more keywords pending. Stopping immediately.
2026-01-24 08:34:34 UTC - --- RESOLVING CATEGORY ID: Professional & Trade Associations ---
2026-01-24 08:34:35 UTC - Resolved Professional & Trade Associations to ID: 1199
2026-01-24 08:36:20 UTC - SUCCESS: Professional & Trade Associations
2026-01-24 08:38:10 UTC - --- RESOLVING CATEGORY ID: Programming ---
2026-01-24 08:38:12 UTC - Resolved Programming to ID: 31
2026-01-24 08:39:44 UTC - SUCCESS: Programming
2026-01-24 08:41:21 UTC - --- RESOLVING CATEGORY ID: Rail Transport ---
2026-01-24 08:41:23 UTC - Resolved Rail Transport to ID: 666
2026-01-24 08:42:35 UTC - SUCCESS: Rail Transport
2026-01-24 08:43:57 UTC - --- RESOLVING CATEGORY ID: Real Estate ---
2026-01-24 08:43:59 UTC - Resolved Real Estate to ID: 29
2026-01-24 08:45:34 UTC - SUCCESS: Real Estate
2026-01-24 08:46:34 UTC - --- RESOLVING CATEGORY ID: Real Estate Agencies ---
2026-01-24 08:46:36 UTC - Resolved Real Estate Agencies to ID: 96
2026-01-24 08:48:14 UTC - SUCCESS: Real Estate Agencies
2026-01-24 08:49:43 UTC - --- RESOLVING CATEGORY ID: Recruitment & Staffing ---
2026-01-24 08:49:45 UTC - Resolved Recruitment & Staffing to ID: 330
2026-01-24 08:51:28 UTC - SUCCESS: Recruitment & Staffing
2026-01-24 08:51:28 UTC - No more keywords pending. Stopping immediately.
2026-01-24 09:07:03 UTC - --- RESOLVING CATEGORY ID: Recruitment & Staffing ---
2026-01-24 09:07:04 UTC - Resolved Recruitment & Staffing to ID: 330
2026-01-24 09:08:40 UTC - SUCCESS: Recruitment & Staffing
2026-01-24 09:08:40 UTC - No more keywords pending. Stopping immediately.
2026-01-24 09:11:32 UTC - --- RESOLVING CATEGORY ID: Restaurants ---
2026-01-24 09:11:33 UTC - Resolved Restaurants to ID: 276
2026-01-24 09:13:25 UTC - SUCCESS: Restaurants
2026-01-24 09:14:52 UTC - --- RESOLVING CATEGORY ID: Resumes & Portfolios ---
2026-01-24 09:14:54 UTC - Resolved Resumes & Portfolios to ID: 961
2026-01-24 09:16:19 UTC - SUCCESS: Resumes & Portfolios
2026-01-24 09:18:10 UTC - --- RESOLVING CATEGORY ID: Retail Trade ---
2026-01-24 09:18:11 UTC - Resolved Retail Trade to ID: 841
2026-01-24 09:19:32 UTC - SUCCESS: Retail Trade
2026-01-24 09:21:01 UTC - --- RESOLVING CATEGORY ID: Shopping ---
2026-01-24 09:21:03 UTC - Resolved Shopping to ID: 18
2026-01-24 09:22:39 UTC - SUCCESS: Shopping
2026-01-24 09:24:13 UTC - --- RESOLVING CATEGORY ID: Social Services ---
2026-01-24 09:24:15 UTC - Resolved Social Services to ID: 508
2026-01-24 09:26:07 UTC - SUCCESS: Social Services
2026-01-24 09:26:07 UTC - No more keywords pending. Stopping immediately.
2026-01-24 09:36:03 UTC - --- RESOLVING CATEGORY ID: Spas & Beauty Services ---
2026-01-24 09:36:04 UTC - Resolved Spas & Beauty Services to ID: 145
2026-01-24 09:37:52 UTC - SUCCESS: Spas & Beauty Services
2026-01-24 09:39:06 UTC - --- RESOLVING CATEGORY ID: Sports ---
2026-01-24 09:39:08 UTC - Resolved Sports to ID: 20
2026-01-24 09:40:49 UTC - SUCCESS: Sports
2026-01-24 09:42:46 UTC - --- RESOLVING CATEGORY ID: Swimming Pools & Spas ---
2026-01-24 09:42:48 UTC - Resolved Swimming Pools & Spas to ID: 952
2026-01-24 09:44:36 UTC - SUCCESS: Swimming Pools & Spas
2026-01-24 09:46:23 UTC - --- RESOLVING CATEGORY ID: Textiles & Nonwovens ---
2026-01-24 09:46:25 UTC - Resolved Textiles & Nonwovens to ID: 566
2026-01-24 09:47:47 UTC - SUCCESS: Textiles & Nonwovens
2026-01-24 09:48:59 UTC - --- RESOLVING CATEGORY ID: Timeshares & Vacation Properties ---
2026-01-24 09:49:01 UTC - Resolved Timeshares & Vacation Properties to ID: 1081
2026-01-24 09:50:54 UTC - SUCCESS: Timeshares & Vacation Properties
2026-01-24 09:50:54 UTC - No more keywords pending. Stopping immediately.
2026-01-24 10:00:16 UTC - --- RESOLVING CATEGORY ID: Tobacco Products ---
2026-01-24 10:00:17 UTC - Resolved Tobacco Products to ID: 123
2026-01-24 10:01:49 UTC - SUCCESS: Tobacco Products
2026-01-24 10:03:00 UTC - --- RESOLVING CATEGORY ID: Tourist Destinations ---
2026-01-24 10:03:02 UTC - Resolved Tourist Destinations to ID: 208
2026-01-24 10:04:57 UTC - SUCCESS: Tourist Destinations
2026-01-24 10:06:55 UTC - --- RESOLVING CATEGORY ID: Transportation & Logistics ---
2026-01-24 10:06:56 UTC - Resolved Transportation & Logistics to ID: 50
2026-01-24 10:08:33 UTC - SUCCESS: Transportation & Logistics
2026-01-24 10:09:58 UTC - --- RESOLVING CATEGORY ID: Travel ---
2026-01-24 10:10:00 UTC - Resolved Travel to ID: 67
2026-01-24 10:11:31 UTC - SUCCESS: Travel
2026-01-24 10:12:51 UTC - --- RESOLVING CATEGORY ID: Travel Agencies & Services ---
2026-01-24 10:12:52 UTC - Resolved Travel Agencies & Services to ID: 1010
2026-01-24 10:14:07 UTC - SUCCESS: Travel Agencies & Services
2026-01-24 10:14:07 UTC - No more keywords pending. Stopping immediately.
2026-01-24 10:40:55 UTC - --- RESOLVING CATEGORY ID: Trucks & SUVs ---
2026-01-24 10:40:57 UTC - Resolved Trucks & SUVs to ID: 610
2026-01-24 10:42:36 UTC - SUCCESS: Trucks & SUVs
2026-01-24 10:44:25 UTC - --- RESOLVING CATEGORY ID: Unwanted Body & Facial Hair Removal ---
2026-01-24 10:44:26 UTC - Resolved Unwanted Body & Facial Hair Removal to ID: 144
2026-01-24 10:46:10 UTC - SUCCESS: Unwanted Body & Facial Hair Removal
2026-01-24 10:47:18 UTC - --- RESOLVING CATEGORY ID: Vehicle Brands ---
2026-01-24 10:47:20 UTC - Resolved Vehicle Brands to ID: 815
2026-01-24 10:49:11 UTC - SUCCESS: Vehicle Brands
2026-01-24 10:50:37 UTC - --- RESOLVING CATEGORY ID: Vehicle Licensing & Registration ---
2026-01-24 10:50:39 UTC - Resolved Vehicle Licensing & Registration to ID: 170
2026-01-24 10:52:08 UTC - SUCCESS: Vehicle Licensing & Registration
2026-01-24 10:53:50 UTC - --- RESOLVING CATEGORY ID: Vehicle Shopping ---
2026-01-24 10:53:51 UTC - Resolved Vehicle Shopping to ID: 473
2026-01-24 10:55:19 UTC - SUCCESS: Vehicle Shopping
2026-01-24 10:55:19 UTC - No more keywords pending. Stopping immediately.
2026-01-24 11:53:31 UTC - --- RESOLVING CATEGORY ID: Veterinarians ---
2026-01-24 11:53:33 UTC - Resolved Veterinarians to ID: 380
2026-01-24 11:55:08 UTC - SUCCESS: Veterinarians
2026-01-24 11:57:05 UTC - --- RESOLVING CATEGORY ID: Web Hosting & Domain Registration ---
2026-01-24 11:57:07 UTC - Resolved Web Hosting & Domain Registration to ID: 53
2026-01-24 11:59:00 UTC - SUCCESS: Web Hosting & Domain Registration
2026-01-24 12:00:56 UTC - --- RESOLVING CATEGORY ID: Weddings ---
2026-01-24 12:00:58 UTC - Resolved Weddings to ID: 293
2026-01-24 12:02:34 UTC - SUCCESS: Weddings
2026-01-24 12:04:30 UTC - --- RESOLVING CATEGORY ID: Welfare & Unemployment ---
2026-01-24 12:04:31 UTC - Resolved Welfare & Unemployment to ID: 706
2026-01-24 12:05:48 UTC - SUCCESS: Welfare & Unemployment
2026-01-24 12:06:53 UTC - --- RESOLVING CATEGORY ID: World News ---
2026-01-24 12:06:55 UTC - Resolved World News to ID: 1209
2026-01-24 12:08:48 UTC - SUCCESS: World News
2026-01-24 12:08:48 UTC - No more keywords pending. Stopping immediately.
2026-01-24 12:18:31 UTC - --- RESOLVING TOPIC: Affordable housing ---
2026-01-24 12:18:32 UTC - Found MID: /m/09jvc1 for Affordable housing
2026-01-24 12:19:50 UTC - SUCCESS: Affordable housing
2026-01-24 12:21:37 UTC - --- RESOLVING TOPIC: Bank ---
2026-01-24 12:21:38 UTC - Found MID: /g/11c3rq9pqp for Bank
2026-01-24 12:22:52 UTC - SUCCESS: Bank
2026-01-24 12:24:19 UTC - --- RESOLVING TOPIC: Bankruptcy ---
2026-01-24 12:24:20 UTC - Found MID: /m/01hhz for Bankruptcy
2026-01-24 12:25:35 UTC - SUCCESS: Bankruptcy
2026-01-24 12:27:20 UTC - --- RESOLVING TOPIC: Birthday ---
2026-01-24 12:27:22 UTC - Found MID: /m/01kcnl for Birthday
2026-01-24 12:28:54 UTC - SUCCESS: Birthday
2026-01-24 12:30:19 UTC - --- RESOLVING TOPIC: Commercial Building ---
2026-01-24 12:30:21 UTC - Found MID: /g/11q3q487yd for Commercial Building
2026-01-24 12:31:42 UTC - SUCCESS: Commercial Building
2026-01-24 12:31:42 UTC - No more keywords pending. Stopping immediately.
2026-01-24 12:46:51 UTC - --- RESOLVING TOPIC: Crisis ---
2026-01-24 12:46:53 UTC - Found MID: /g/11x8j9tmgd for Crisis
2026-01-24 12:48:17 UTC - SUCCESS: Crisis
2026-01-24 12:49:31 UTC - --- RESOLVING TOPIC: Economic crisis ---
2026-01-24 12:49:33 UTC - Found MID: /g/1211cg58 for Economic crisis
2026-01-24 12:51:13 UTC - SUCCESS: Economic crisis
2026-01-24 12:52:26 UTC - --- RESOLVING TOPIC: Exportation ---
2026-01-24 12:52:27 UTC - Found MID: /m/01sr3q for Exportation
2026-01-24 12:53:43 UTC - SUCCESS: Exportation
2026-01-24 12:55:06 UTC - --- RESOLVING TOPIC: Financial crisis ---
2026-01-24 12:55:07 UTC - Found MID: /m/088p1q for Financial crisis
2026-01-24 12:56:48 UTC - SUCCESS: Financial crisis
2026-01-24 12:58:23 UTC - --- RESOLVING TOPIC: Foreclosure ---
2026-01-24 12:58:25 UTC - Found MID: /m/02tp2m for Foreclosure
2026-01-24 12:59:54 UTC - SUCCESS: Foreclosure
2026-01-24 12:59:54 UTC - No more keywords pending. Stopping immediately.
2026-01-24 13:09:17 UTC - --- RESOLVING TOPIC: Housing bubble ---
2026-01-24 13:09:18 UTC - Found MID: /g/11gt__kf44 for Housing bubble
2026-01-24 13:11:02 UTC - SUCCESS: Housing bubble
2026-01-24 13:12:18 UTC - --- RESOLVING TOPIC: House moving ---
2026-01-24 13:12:20 UTC - Found MID: /g/11j8qrmlgh for House moving
2026-01-24 13:14:13 UTC - SUCCESS: House moving
2026-01-24 13:16:09 UTC - --- RESOLVING TOPIC: House price index ---
2026-01-24 13:16:11 UTC - Found MID: /m/0gn3x3 for House price index
2026-01-24 13:18:04 UTC - SUCCESS: House price index
2026-01-24 13:19:04 UTC - --- RESOLVING TOPIC: Interest ---
2026-01-24 13:19:06 UTC - Found MID: /m/0gtwsq1 for Interest
2026-01-24 13:20:33 UTC - SUCCESS: Interest
2026-01-24 13:22:15 UTC - --- RESOLVING TOPIC: Investment ---
2026-01-24 13:22:17 UTC - Found MID: /g/12bm3rm_7 for Investment
2026-01-24 13:24:13 UTC - SUCCESS: Investment
2026-01-24 13:24:13 UTC - No more keywords pending. Stopping immediately.
2026-01-24 14:10:08 UTC - --- RESOLVING TOPIC: Job ---
2026-01-24 14:10:10 UTC - Found MID: /m/04115t2 for Job
2026-01-24 14:11:58 UTC - SUCCESS: Job
2026-01-24 14:13:20 UTC - --- RESOLVING TOPIC: Job search ---
2026-01-24 14:13:22 UTC - Found MID: /g/11j8qrgxq2 for Job search
2026-01-24 14:15:14 UTC - SUCCESS: Job search
2026-01-24 14:16:33 UTC - --- RESOLVING TOPIC: Judicial Liquidation ---
2026-01-24 14:16:34 UTC - Found MID: /g/11bwpqb43h for Judicial Liquidation
2026-01-24 14:19:25 UTC - --- RESOLVING TOPIC: Loan ---
2026-01-24 14:19:26 UTC - Found MID: /g/121bdfn8 for Loan
2026-01-24 14:20:54 UTC - SUCCESS: Loan
2026-01-24 14:22:08 UTC - --- RESOLVING TOPIC: Luggage ---
2026-01-24 14:22:09 UTC - Found MID: /m/03w7y7 for Luggage
2026-01-24 14:23:39 UTC - SUCCESS: Luggage
2026-01-24 14:23:39 UTC - No more keywords pending. Stopping immediately.
2026-01-24 14:53:48 UTC - --- RESOLVING TOPIC: Mortgage ---
2026-01-24 14:53:49 UTC - Found MID: /m/0cld96 for Mortgage
2026-01-24 14:55:37 UTC - SUCCESS: Mortgage
2026-01-24 14:57:05 UTC - --- RESOLVING TOPIC: Office space ---
2026-01-24 14:57:07 UTC - Found MID: /g/11fsrbyts_ for Office space
2026-01-24 14:58:41 UTC - SUCCESS: Office space
2026-01-24 14:59:45 UTC - --- RESOLVING TOPIC: Private employment agency ---
2026-01-24 14:59:47 UTC - Found MID: /g/1vhkh1vc for Private employment agency
2026-01-24 15:01:18 UTC - SUCCESS: Private employment agency
2026-01-24 15:02:55 UTC - --- RESOLVING TOPIC: Public debt ---
2026-01-24 15:02:57 UTC - Found MID: /m/01vnp9 for Public debt
2026-01-24 15:04:51 UTC - SUCCESS: Public debt
2026-01-24 15:06:41 UTC - --- RESOLVING TOPIC: Lawyer ---
2026-01-24 15:06:42 UTC - Found MID: /m/04gc2 for Lawyer
2026-01-24 15:07:56 UTC - SUCCESS: Lawyer
2026-01-24 15:07:56 UTC - No more keywords pending. Stopping immediately.
2026-01-24 15:34:11 UTC - --- RESOLVING TOPIC: Student loan ---
2026-01-24 15:34:12 UTC - Found MID: /m/02crs_ for Student loan
2026-01-24 15:36:10 UTC - SUCCESS: Student loan
2026-01-24 15:37:50 UTC - --- RESOLVING TOPIC: Temporary jobs ---
2026-01-24 15:37:52 UTC - Found MID: /g/11v_8bqnyc for Temporary jobs
2026-01-24 15:39:24 UTC - SUCCESS: Temporary jobs
2026-01-24 15:40:48 UTC - --- RESOLVING TOPIC: Unemployment ---
2026-01-24 15:40:49 UTC - Found MID: /m/07s_c for Unemployment
2026-01-24 15:42:21 UTC - SUCCESS: Unemployment
2026-01-24 15:43:53 UTC - --- RESOLVING TOPIC: Unemployment benefits ---
2026-01-24 15:43:54 UTC - Found MID: /m/0218w7 for Unemployment benefits
2026-01-24 15:45:38 UTC - SUCCESS: Unemployment benefits
2026-01-24 15:47:01 UTC - --- RESOLVING TOPIC: Recession ---
2026-01-24 15:47:03 UTC - Found MID: /m/06bmj for Recession
2026-01-24 15:48:32 UTC - SUCCESS: Recession
2026-01-24 15:50:08 UTC - --- RESOLVING TOPIC: Recruitment ---
2026-01-24 15:50:09 UTC - Found MID: /m/03nw7w for Recruitment
2026-01-24 15:51:16 UTC - SUCCESS: Recruitment
2026-01-24 15:51:16 UTC - No more keywords pending. Stopping immediately.
2026-01-24 15:59:38 UTC - --- RESOLVING TOPIC: Judicial Liquidation ---
2026-01-24 15:59:40 UTC - Found MID: /g/11bwpqb43h for Judicial Liquidation
2026-01-24 16:01:04 UTC - No more keywords pending. Stopping immediately.
2026-01-29 05:13:12 UTC - --- RESOLVING CATEGORY ID: Accounting & Auditing ---
2026-01-29 05:13:13 UTC - Resolved Accounting & Auditing to ID: 278
2026-01-29 05:14:57 UTC - SUCCESS: Accounting & Auditing
2026-01-29 05:16:43 UTC - --- RESOLVING CATEGORY ID: Acting & Theater ---
2026-01-29 05:16:44 UTC - Resolved Acting & Theater to ID: 894
2026-01-29 05:18:11 UTC - SUCCESS: Acting & Theater
2026-01-29 05:19:57 UTC - --- RESOLVING CATEGORY ID: Advertising & Marketing ---
2026-01-29 05:19:58 UTC - Resolved Advertising & Marketing to ID: 25
2026-01-29 05:21:14 UTC - SUCCESS: Advertising & Marketing
2026-01-29 05:22:26 UTC - --- RESOLVING CATEGORY ID: Agricultural Equipment ---
2026-01-29 05:22:27 UTC - Resolved Agricultural Equipment to ID: 748
2026-01-29 05:24:14 UTC - SUCCESS: Agricultural Equipment
2026-01-29 05:26:04 UTC - --- RESOLVING CATEGORY ID: Agriculture & Forestry ---
2026-01-29 05:26:05 UTC - Resolved Agriculture & Forestry to ID: 46
2026-01-29 05:27:09 UTC - SUCCESS: Agriculture & Forestry
2026-01-29 05:27:09 UTC - No more keywords pending. Stopping immediately.
2026-01-29 05:31:26 UTC - --- RESOLVING CATEGORY ID: Agrochemicals ---
2026-01-29 05:31:27 UTC - Resolved Agrochemicals to ID: 670
2026-01-29 05:32:43 UTC - SUCCESS: Agrochemicals
2026-01-29 05:33:52 UTC - --- RESOLVING CATEGORY ID: Alcoholic Beverages ---
2026-01-29 05:33:53 UTC - Resolved Alcoholic Beverages to ID: 277
2026-01-29 05:35:49 UTC - SUCCESS: Alcoholic Beverages
2026-01-29 05:37:18 UTC - --- RESOLVING CATEGORY ID: Animal Products & Services ---
2026-01-29 05:37:19 UTC - Resolved Animal Products & Services to ID: 882
2026-01-29 05:38:49 UTC - SUCCESS: Animal Products & Services
2026-01-29 05:39:52 UTC - --- RESOLVING CATEGORY ID: Apartments & Residential Rentals ---
2026-01-29 05:39:53 UTC - Resolved Apartments & Residential Rentals to ID: 378
2026-01-29 05:41:38 UTC - SUCCESS: Apartments & Residential Rentals
2026-01-29 05:43:13 UTC - --- RESOLVING CATEGORY ID: Apparel ---
2026-01-29 05:43:14 UTC - Resolved Apparel to ID: 68
2026-01-29 05:44:20 UTC - SUCCESS: Apparel
2026-01-29 05:44:20 UTC - No more keywords pending. Stopping immediately.
2026-01-29 05:48:04 UTC - --- RESOLVING CATEGORY ID: Aquaculture ---
2026-01-29 05:48:07 UTC - Tree Error: The request failed: Google returned a response with code 429
2026-01-29 05:48:07 UTC - --- RESOLVING CATEGORY ID: Architecture ---
2026-01-29 05:48:09 UTC - Tree Error: The request failed: Google returned a response with code 429
2026-01-29 05:48:09 UTC - --- RESOLVING CATEGORY ID: Auto Financing ---
2026-01-29 05:48:11 UTC - Tree Error: The request failed: Google returned a response with code 429
2026-01-29 05:48:11 UTC - --- RESOLVING CATEGORY ID: Autos & Vehicles ---
2026-01-29 05:48:12 UTC - Tree Error: The request failed: Google returned a response with code 429
2026-01-29 05:48:12 UTC - --- RESOLVING CATEGORY ID: Aviation ---
2026-01-29 05:48:16 UTC - Tree Error: HTTPSConnectionPool(host='www.google.com', port=443): Read timed out. (read timeout=2)
2026-01-29 05:59:58 UTC - --- RESOLVING CATEGORY ID: Aquaculture ---
2026-01-29 06:00:00 UTC - Tree Error: The request failed: Google returned a response with code 429
2026-01-29 06:00:00 UTC - --- RESOLVING CATEGORY ID: Architecture ---
2026-01-29 06:00:02 UTC - Tree Error: The request failed: Google returned a response with code 429
2026-01-29 06:00:02 UTC - --- RESOLVING CATEGORY ID: Auto Financing ---
2026-01-29 06:00:04 UTC - Tree Error: The request failed: Google returned a response with code 429
2026-01-29 06:00:04 UTC - --- RESOLVING CATEGORY ID: Autos & Vehicles ---
2026-01-29 06:00:06 UTC - Tree Error: The request failed: Google returned a response with code 429
2026-01-29 06:00:06 UTC - --- RESOLVING CATEGORY ID: Aviation ---
2026-01-29 08:02:16 UTC - --- RESOLVING CATEGORY ID: Aquaculture ---
2026-01-29 08:02:17 UTC - Resolved Aquaculture to ID: 747
2026-01-29 08:03:50 UTC - SUCCESS: Aquaculture
2026-01-29 08:05:09 UTC - --- RESOLVING CATEGORY ID: Architecture ---
2026-01-29 08:05:10 UTC - Resolved Architecture to ID: 477
2026-01-29 08:06:54 UTC - SUCCESS: Architecture
2026-01-29 08:08:38 UTC - --- RESOLVING CATEGORY ID: Auto Financing ---
2026-01-29 08:08:39 UTC - Resolved Auto Financing to ID: 468
2026-01-29 08:10:34 UTC - SUCCESS: Auto Financing
2026-01-29 08:12:29 UTC - --- RESOLVING CATEGORY ID: Autos & Vehicles ---
2026-01-29 08:12:30 UTC - Resolved Autos & Vehicles to ID: 47
2026-01-29 08:14:02 UTC - SUCCESS: Autos & Vehicles
2026-01-29 08:15:55 UTC - --- RESOLVING CATEGORY ID: Aviation ---
2026-01-29 08:15:56 UTC - Resolved Aviation to ID: 662
2026-01-29 08:17:36 UTC - SUCCESS: Aviation
2026-01-29 08:17:36 UTC - No more keywords pending. Stopping immediately.
2026-01-29 08:34:43 UTC - --- RESOLVING CATEGORY ID: Boats & Watercraft ---
2026-01-29 08:34:44 UTC - Resolved Boats & Watercraft to ID: 1140
2026-01-29 08:36:36 UTC - SUCCESS: Boats & Watercraft
2026-01-29 08:38:14 UTC - --- RESOLVING CATEGORY ID: Book Retailers ---
2026-01-29 08:38:15 UTC - Resolved Book Retailers to ID: 355
2026-01-29 08:39:50 UTC - SUCCESS: Book Retailers
2026-01-29 08:41:17 UTC - --- RESOLVING CATEGORY ID: Building Materials & Supplies ---
2026-01-29 08:41:18 UTC - Resolved Building Materials & Supplies to ID: 650
2026-01-29 08:42:38 UTC - SUCCESS: Building Materials & Supplies
2026-01-29 08:44:38 UTC - --- RESOLVING CATEGORY ID: Business & Industrial ---
2026-01-29 08:44:39 UTC - Resolved Business & Industrial to ID: 12
2026-01-29 08:46:20 UTC - SUCCESS: Business & Industrial
2026-01-29 08:48:13 UTC - --- RESOLVING CATEGORY ID: Business News ---
2026-01-29 08:48:14 UTC - Resolved Business News to ID: 784
2026-01-29 08:49:40 UTC - SUCCESS: Business News
2026-01-29 08:49:40 UTC - No more keywords pending. Stopping immediately.
2026-01-29 08:59:28 UTC - --- RESOLVING CATEGORY ID: Business Operations ---
2026-01-29 08:59:30 UTC - Resolved Business Operations to ID: 1159
2026-01-29 09:01:21 UTC - SUCCESS: Business Operations
2026-01-29 09:02:27 UTC - --- RESOLVING CATEGORY ID: Business Services ---
2026-01-29 09:02:28 UTC - Resolved Business Services to ID: 329
2026-01-29 09:03:52 UTC - SUCCESS: Business Services
2026-01-29 09:05:17 UTC - --- RESOLVING CATEGORY ID: CAD & CAM ---
2026-01-29 09:05:18 UTC - Resolved CAD & CAM to ID: 1300
2026-01-29 09:06:51 UTC - SUCCESS: CAD & CAM
2026-01-29 09:07:57 UTC - --- RESOLVING CATEGORY ID: Car Electronics ---
2026-01-29 09:07:58 UTC - Resolved Car Electronics to ID: 1188
2026-01-29 09:09:26 UTC - SUCCESS: Car Electronics
2026-01-29 09:10:45 UTC - --- RESOLVING CATEGORY ID: Car Rental & Taxi Services ---
2026-01-29 09:10:46 UTC - Resolved Car Rental & Taxi Services to ID: 205
2026-01-29 09:12:38 UTC - SUCCESS: Car Rental & Taxi Services
2026-01-29 09:12:38 UTC - No more keywords pending. Stopping immediately.
2026-01-29 09:44:12 UTC - --- RESOLVING CATEGORY ID: Carpooling & Ridesharing ---
2026-01-29 09:44:13 UTC - Resolved Carpooling & Ridesharing to ID: 1339
2026-01-29 09:45:46 UTC - SUCCESS: Carpooling & Ridesharing
2026-01-29 09:47:08 UTC - --- RESOLVING CATEGORY ID: Chemicals Industry ---
2026-01-29 09:47:10 UTC - Resolved Chemicals Industry to ID: 288
2026-01-29 09:48:38 UTC - SUCCESS: Chemicals Industry
2026-01-29 09:49:47 UTC - --- RESOLVING CATEGORY ID: Civil Engineering ---
2026-01-29 09:49:48 UTC - Resolved Civil Engineering to ID: 651
2026-01-29 09:51:31 UTC - SUCCESS: Civil Engineering
2026-01-29 09:52:49 UTC - --- RESOLVING CATEGORY ID: Coatings & Adhesives ---
2026-01-29 09:52:51 UTC - Resolved Coatings & Adhesives to ID: 672
2026-01-29 09:54:27 UTC - SUCCESS: Coatings & Adhesives
2026-01-29 09:55:43 UTC - --- RESOLVING CATEGORY ID: College Financing ---
2026-01-29 09:55:44 UTC - Resolved College Financing to ID: 813
2026-01-29 09:57:23 UTC - SUCCESS: College Financing
2026-01-29 09:57:23 UTC - No more keywords pending. Stopping immediately.
2026-01-29 10:04:55 UTC - --- RESOLVING CATEGORY ID: Commercial Lending ---
2026-01-29 10:04:56 UTC - Resolved Commercial Lending to ID: 1160
2026-01-29 10:06:09 UTC - SUCCESS: Commercial Lending
2026-01-29 10:07:30 UTC - --- RESOLVING CATEGORY ID: Commercial Vehicles ---
2026-01-29 10:07:32 UTC - Resolved Commercial Vehicles to ID: 1214
2026-01-29 10:08:52 UTC - SUCCESS: Commercial Vehicles
2026-01-29 10:10:30 UTC - --- RESOLVING CATEGORY ID: Computer Hardware ---
2026-01-29 10:10:31 UTC - Resolved Computer Hardware to ID: 30
2026-01-29 10:12:02 UTC - SUCCESS: Computer Hardware
2026-01-29 10:13:47 UTC - --- RESOLVING CATEGORY ID: Computer Security ---
2026-01-29 10:13:48 UTC - Resolved Computer Security to ID: 314
2026-01-29 10:15:14 UTC - SUCCESS: Computer Security
2026-01-29 10:16:49 UTC - --- RESOLVING CATEGORY ID: Computer Servers ---
2026-01-29 10:16:50 UTC - Resolved Computer Servers to ID: 728
2026-01-29 10:18:40 UTC - SUCCESS: Computer Servers
2026-01-29 10:18:40 UTC - No more keywords pending. Stopping immediately.
2026-01-29 10:24:18 UTC - --- RESOLVING CATEGORY ID: Computers & Electronics ---
2026-01-29 10:24:19 UTC - Resolved Computers & Electronics to ID: 5
2026-01-29 10:25:41 UTC - SUCCESS: Computers & Electronics
2026-01-29 10:26:50 UTC - --- RESOLVING CATEGORY ID: Construction & Maintenance ---
2026-01-29 10:26:51 UTC - Resolved Construction & Maintenance to ID: 48
2026-01-29 10:28:31 UTC - SUCCESS: Construction & Maintenance
2026-01-29 10:30:12 UTC - --- RESOLVING CATEGORY ID: Construction Consulting & Contracting ---
2026-01-29 10:30:13 UTC - Resolved Construction Consulting & Contracting to ID: 652
2026-01-29 10:31:53 UTC - SUCCESS: Construction Consulting & Contracting
2026-01-29 10:33:00 UTC - --- RESOLVING CATEGORY ID: Consulting ---
2026-01-29 10:33:01 UTC - Resolved Consulting to ID: 1162
2026-01-29 10:34:38 UTC - SUCCESS: Consulting
2026-01-29 10:36:34 UTC - --- RESOLVING CATEGORY ID: Consumer Electronics ---
2026-01-29 10:36:35 UTC - Resolved Consumer Electronics to ID: 78
2026-01-29 10:38:28 UTC - Fetch Error: The request failed: Google returned a response with code 429
